{"C:\\Users\\leonardo.miclos\\Desktop\\faculdade (apagar)\\api-viagens\\app.js": {"path":"C:\\Users\\leonardo.miclos\\Desktop\\faculdade (apagar)\\api-viagens\\app.js","statementMap":{"0":{"start":{"line":1,"column":16},"end":{"line":1,"column":34}},"1":{"start":{"line":2,"column":12},"end":{"line":2,"column":21}},"2":{"start":{"line":4,"column":0},"end":{"line":4,"column":24}},"3":{"start":{"line":6,"column":15},"end":{"line":6,"column":17}},"4":{"start":{"line":7,"column":16},"end":{"line":7,"column":17}},"5":{"start":{"line":9,"column":0},"end":{"line":17,"column":3}},"6":{"start":{"line":10,"column":29},"end":{"line":10,"column":37}},"7":{"start":{"line":11,"column":2},"end":{"line":13,"column":3}},"8":{"start":{"line":12,"column":4},"end":{"line":12,"column":64}},"9":{"start":{"line":14,"column":18},"end":{"line":14,"column":53}},"10":{"start":{"line":15,"column":2},"end":{"line":15,"column":25}},"11":{"start":{"line":16,"column":2},"end":{"line":16,"column":32}},"12":{"start":{"line":19,"column":0},"end":{"line":21,"column":3}},"13":{"start":{"line":20,"column":2},"end":{"line":20,"column":33}},"14":{"start":{"line":23,"column":0},"end":{"line":30,"column":3}},"15":{"start":{"line":24,"column":15},"end":{"line":24,"column":56}},"16":{"start":{"line":24,"column":34},"end":{"line":24,"column":55}},"17":{"start":{"line":25,"column":2},"end":{"line":29,"column":3}},"18":{"start":{"line":26,"column":4},"end":{"line":26,"column":31}},"19":{"start":{"line":28,"column":4},"end":{"line":28,"column":64}},"20":{"start":{"line":32,"column":0},"end":{"line":41,"column":3}},"21":{"start":{"line":33,"column":15},"end":{"line":33,"column":56}},"22":{"start":{"line":33,"column":34},"end":{"line":33,"column":55}},"23":{"start":{"line":34,"column":2},"end":{"line":40,"column":3}},"24":{"start":{"line":35,"column":4},"end":{"line":35,"column":30}},"25":{"start":{"line":36,"column":4},"end":{"line":36,"column":38}},"26":{"start":{"line":37,"column":4},"end":{"line":37,"column":31}},"27":{"start":{"line":39,"column":4},"end":{"line":39,"column":64}},"28":{"start":{"line":43,"column":0},"end":{"line":51,"column":3}},"29":{"start":{"line":44,"column":16},"end":{"line":44,"column":62}},"30":{"start":{"line":44,"column":40},"end":{"line":44,"column":61}},"31":{"start":{"line":45,"column":2},"end":{"line":50,"column":3}},"32":{"start":{"line":46,"column":4},"end":{"line":46,"column":30}},"33":{"start":{"line":47,"column":4},"end":{"line":47,"column":70}},"34":{"start":{"line":49,"column":4},"end":{"line":49,"column":64}},"35":{"start":{"line":53,"column":15},"end":{"line":55,"column":2}},"36":{"start":{"line":54,"column":2},"end":{"line":54,"column":48}},"37":{"start":{"line":57,"column":0},"end":{"line":57,"column":33}}},"fnMap":{"0":{"name":"(anonymous_0)","decl":{"start":{"line":9,"column":22},"end":{"line":9,"column":23}},"loc":{"start":{"line":9,"column":36},"end":{"line":17,"column":1}},"line":9},"1":{"name":"(anonymous_1)","decl":{"start":{"line":19,"column":21},"end":{"line":19,"column":22}},"loc":{"start":{"line":19,"column":35},"end":{"line":21,"column":1}},"line":19},"2":{"name":"(anonymous_2)","decl":{"start":{"line":23,"column":25},"end":{"line":23,"column":26}},"loc":{"start":{"line":23,"column":39},"end":{"line":30,"column":1}},"line":23},"3":{"name":"(anonymous_3)","decl":{"start":{"line":24,"column":29},"end":{"line":24,"column":30}},"loc":{"start":{"line":24,"column":34},"end":{"line":24,"column":55}},"line":24},"4":{"name":"(anonymous_4)","decl":{"start":{"line":32,"column":25},"end":{"line":32,"column":26}},"loc":{"start":{"line":32,"column":39},"end":{"line":41,"column":1}},"line":32},"5":{"name":"(anonymous_5)","decl":{"start":{"line":33,"column":29},"end":{"line":33,"column":30}},"loc":{"start":{"line":33,"column":34},"end":{"line":33,"column":55}},"line":33},"6":{"name":"(anonymous_6)","decl":{"start":{"line":43,"column":28},"end":{"line":43,"column":29}},"loc":{"start":{"line":43,"column":42},"end":{"line":51,"column":1}},"line":43},"7":{"name":"(anonymous_7)","decl":{"start":{"line":44,"column":35},"end":{"line":44,"column":36}},"loc":{"start":{"line":44,"column":40},"end":{"line":44,"column":61}},"line":44},"8":{"name":"(anonymous_8)","decl":{"start":{"line":53,"column":32},"end":{"line":53,"column":33}},"loc":{"start":{"line":53,"column":38},"end":{"line":55,"column":1}},"line":53}},"branchMap":{"0":{"loc":{"start":{"line":11,"column":2},"end":{"line":13,"column":3}},"type":"if","locations":[{"start":{"line":11,"column":2},"end":{"line":13,"column":3}},{"start":{},"end":{}}],"line":11},"1":{"loc":{"start":{"line":11,"column":6},"end":{"line":11,"column":24}},"type":"binary-expr","locations":[{"start":{"line":11,"column":6},"end":{"line":11,"column":11}},{"start":{"line":11,"column":15},"end":{"line":11,"column":24}}],"line":11},"2":{"loc":{"start":{"line":25,"column":2},"end":{"line":29,"column":3}},"type":"if","locations":[{"start":{"line":25,"column":2},"end":{"line":29,"column":3}},{"start":{"line":27,"column":9},"end":{"line":29,"column":3}}],"line":25},"3":{"loc":{"start":{"line":34,"column":2},"end":{"line":40,"column":3}},"type":"if","locations":[{"start":{"line":34,"column":2},"end":{"line":40,"column":3}},{"start":{"line":38,"column":9},"end":{"line":40,"column":3}}],"line":34},"4":{"loc":{"start":{"line":45,"column":2},"end":{"line":50,"column":3}},"type":"if","locations":[{"start":{"line":45,"column":2},"end":{"line":50,"column":3}},{"start":{"line":48,"column":9},"end":{"line":50,"column":3}}],"line":45}},"s":{"0":1,"1":1,"2":1,"3":1,"4":1,"5":1,"6":2,"7":2,"8":1,"9":1,"10":1,"11":1,"12":1,"13":2,"14":1,"15":2,"16":1,"17":2,"18":1,"19":1,"20":1,"21":2,"22":1,"23":2,"24":1,"25":1,"26":1,"27":1,"28":1,"29":2,"30":1,"31":2,"32":1,"33":1,"34":1,"35":1,"36":1,"37":1},"f":{"0":2,"1":2,"2":2,"3":1,"4":2,"5":1,"6":2,"7":1,"8":1},"b":{"0":[1,1],"1":[2,1],"2":[1,1],"3":[1,1],"4":[1,1]},"_coverageSchema":"1a1c01bbd47fc00a2c39e90264f33305004495a9","hash":"343418f0b029545077202711741e0364eaef2f70"}
}
