TN:
SF:app.js
FN:9,(anonymous_0)
FN:19,(anonymous_1)
FN:23,(anonymous_2)
FN:24,(anonymous_3)
FN:32,(anonymous_4)
FN:33,(anonymous_5)
FN:43,(anonymous_6)
FN:44,(anonymous_7)
FN:53,(anonymous_8)
FNF:9
FNH:9
FNDA:2,(anonymous_0)
FNDA:2,(anonymous_1)
FNDA:2,(anonymous_2)
FNDA:1,(anonymous_3)
FNDA:2,(anonymous_4)
FNDA:1,(anonymous_5)
FNDA:2,(anonymous_6)
FNDA:1,(anonymous_7)
FNDA:1,(anonymous_8)
DA:1,1
DA:2,1
DA:4,1
DA:6,1
DA:7,1
DA:9,1
DA:10,2
DA:11,2
DA:12,1
DA:14,1
DA:15,1
DA:16,1
DA:19,1
DA:20,2
DA:23,1
DA:24,2
DA:25,2
DA:26,1
DA:28,1
DA:32,1
DA:33,2
DA:34,2
DA:35,1
DA:36,1
DA:37,1
DA:39,1
DA:43,1
DA:44,2
DA:45,2
DA:46,1
DA:47,1
DA:49,1
DA:53,1
DA:54,1
DA:57,1
LF:35
LH:35
BRDA:11,0,0,1
BRDA:11,0,1,1
BRDA:11,1,0,2
BRDA:11,1,1,1
BRDA:25,2,0,1
BRDA:25,2,1,1
BRDA:34,3,0,1
BRDA:34,3,1,1
BRDA:45,4,0,1
BRDA:45,4,1,1
BRF:10
BRH:10
end_of_record
